android/app/build/intermediates/manifest_merge_blame_file/release/manifest-merger-blame-release-report.txt
1<?xml version="1.0" encoding="utf-8"?>
2<manifest xmlns:android="http://schemas.android.com/apk/res/android"
3    package="com.hardeep.blogAapp"
4    android:versionCode="6"
5    android:versionName="1.0.6" >
6
7    <uses-sdk
8        android:minSdkVersion="24"
8-->src\main\AndroidManifest.xml
9        android:targetSdkVersion="31" />
9-->src\main\AndroidManifest.xml
10
11    <uses-permission android:name="android.permission.INTERNET" />
11-->src\main\AndroidManifest.xml:4:5-66
11-->src\main\AndroidManifest.xml:4:22-64
12    <uses-permission android:name="com.android.vending.BILLING" />
12-->src\main\AndroidManifest.xml:5:5-67
12-->src\main\AndroidManifest.xml:5:22-64
13    <uses-permission android:name="android.permission.ACCESS_NETWORK_STATE" />
13-->[com.google.firebase:firebase-messaging:21.1.0] AndroidManifest.xml:22:5-79
13-->[com.google.firebase:firebase-messaging:21.1.0] AndroidManifest.xml:22:22-76
14    <uses-permission android:name="android.permission.WAKE_LOCK" /> <!-- Required by older versions of Google Play services to create IID tokens -->
14-->[com.google.firebase:firebase-messaging:21.1.0] AndroidManifest.xml:23:5-68
14-->[com.google.firebase:firebase-messaging:21.1.0] AndroidManifest.xml:23:22-65
15    <uses-permission android:name="com.google.android.c2dm.permission.RECEIVE" />
15-->[com.google.firebase:firebase-messaging:21.1.0] AndroidManifest.xml:25:5-82
15-->[com.google.firebase:firebase-messaging:21.1.0] AndroidManifest.xml:25:22-79
16    <uses-permission android:name="com.google.android.gms.permission.AD_ID" /> <!-- Android package visibility setting -->
16-->[com.google.android.gms:play-services-ads-lite:21.0.0] AndroidManifest.xml:25:5-79
16-->[com.google.android.gms:play-services-ads-lite:21.0.0] AndroidManifest.xml:25:22-76
17    <queries>
17-->[com.google.android.gms:play-services-ads-lite:21.0.0] AndroidManifest.xml:28:5-44:15
18
19        <!-- For browser content -->
20        <intent>
20-->[com.google.android.gms:play-services-ads-lite:21.0.0] AndroidManifest.xml:31:9-37:18
21            <action android:name="android.intent.action.VIEW" />
21-->src\main\AndroidManifest.xml:55:13-65
21-->src\main\AndroidManifest.xml:55:21-62
22
23            <category android:name="android.intent.category.BROWSABLE" />
23-->src\main\AndroidManifest.xml:57:13-74
23-->src\main\AndroidManifest.xml:57:23-71
24
25            <data android:scheme="https" />
25-->[com.google.android.gms:play-services-ads-lite:21.0.0] AndroidManifest.xml:36:13-44
25-->[com.google.android.gms:play-services-ads-lite:21.0.0] AndroidManifest.xml:36:19-41
26        </intent>
27        <!-- End of browser content -->
28        <!-- For CustomTabsService -->
29        <intent>
29-->[com.google.android.gms:play-services-ads-lite:21.0.0] AndroidManifest.xml:40:9-42:18
30            <action android:name="android.support.customtabs.action.CustomTabsService" />
30-->[com.google.android.gms:play-services-ads-lite:21.0.0] AndroidManifest.xml:41:13-90
30-->[com.google.android.gms:play-services-ads-lite:21.0.0] AndroidManifest.xml:41:21-87
31        </intent>
32        <!-- End of CustomTabsService -->
33        <package android:name="com.facebook.katana" />
33-->[com.facebook.android:audience-network-sdk:6.11.0] AndroidManifest.xml:12:9-55
33-->[com.facebook.android:audience-network-sdk:6.11.0] AndroidManifest.xml:12:18-52
34    </queries>
35
36    <uses-permission android:name="android.permission.RECEIVE_BOOT_COMPLETED" />
36-->[androidx.work:work-runtime:2.7.0] AndroidManifest.xml:27:5-81
36-->[androidx.work:work-runtime:2.7.0] AndroidManifest.xml:27:22-78
37    <uses-permission android:name="android.permission.FOREGROUND_SERVICE" /> <!-- for android -->
37-->[androidx.work:work-runtime:2.7.0] AndroidManifest.xml:28:5-77
37-->[androidx.work:work-runtime:2.7.0] AndroidManifest.xml:28:22-74
38    <!-- <uses-permission android:name="com.android.launcher.permission.READ_SETTINGS"/> -->
39    <!-- <uses-permission android:name="com.android.launcher.permission.WRITE_SETTINGS"/> -->
40    <!-- <uses-permission android:name="com.android.launcher.permission.INSTALL_SHORTCUT" /> -->
41    <!-- <uses-permission android:name="com.android.launcher.permission.UNINSTALL_SHORTCUT" /> -->
42    <!-- for Samsung -->
43    <uses-permission android:name="com.sec.android.provider.badge.permission.READ" />
43-->[me.leolin:ShortcutBadger:1.1.22] AndroidManifest.xml:19:5-86
43-->[me.leolin:ShortcutBadger:1.1.22] AndroidManifest.xml:19:22-83
44    <uses-permission android:name="com.sec.android.provider.badge.permission.WRITE" /> <!-- for htc -->
44-->[me.leolin:ShortcutBadger:1.1.22] AndroidManifest.xml:20:5-87
44-->[me.leolin:ShortcutBadger:1.1.22] AndroidManifest.xml:20:22-84
45    <uses-permission android:name="com.htc.launcher.permission.READ_SETTINGS" />
45-->[me.leolin:ShortcutBadger:1.1.22] AndroidManifest.xml:23:5-81
45-->[me.leolin:ShortcutBadger:1.1.22] AndroidManifest.xml:23:22-78
46    <uses-permission android:name="com.htc.launcher.permission.UPDATE_SHORTCUT" /> <!-- for sony -->
46-->[me.leolin:ShortcutBadger:1.1.22] AndroidManifest.xml:24:5-83
46-->[me.leolin:ShortcutBadger:1.1.22] AndroidManifest.xml:24:22-80
47    <uses-permission android:name="com.sonyericsson.home.permission.BROADCAST_BADGE" />
47-->[me.leolin:ShortcutBadger:1.1.22] AndroidManifest.xml:27:5-88
47-->[me.leolin:ShortcutBadger:1.1.22] AndroidManifest.xml:27:22-85
48    <uses-permission android:name="com.sonymobile.home.permission.PROVIDER_INSERT_BADGE" /> <!-- for apex -->
48-->[me.leolin:ShortcutBadger:1.1.22] AndroidManifest.xml:28:5-92
48-->[me.leolin:ShortcutBadger:1.1.22] AndroidManifest.xml:28:22-89
49    <uses-permission android:name="com.anddoes.launcher.permission.UPDATE_COUNT" /> <!-- for solid -->
49-->[me.leolin:ShortcutBadger:1.1.22] AndroidManifest.xml:31:5-84
49-->[me.leolin:ShortcutBadger:1.1.22] AndroidManifest.xml:31:22-81
50    <uses-permission android:name="com.majeur.launcher.permission.UPDATE_BADGE" /> <!-- for huawei -->
50-->[me.leolin:ShortcutBadger:1.1.22] AndroidManifest.xml:34:5-83
50-->[me.leolin:ShortcutBadger:1.1.22] AndroidManifest.xml:34:22-80
51    <uses-permission android:name="com.huawei.android.launcher.permission.CHANGE_BADGE" />
51-->[me.leolin:ShortcutBadger:1.1.22] AndroidManifest.xml:37:5-91
51-->[me.leolin:ShortcutBadger:1.1.22] AndroidManifest.xml:37:22-88
52    <uses-permission android:name="com.huawei.android.launcher.permission.READ_SETTINGS" />
52-->[me.leolin:ShortcutBadger:1.1.22] AndroidManifest.xml:38:5-92
52-->[me.leolin:ShortcutBadger:1.1.22] AndroidManifest.xml:38:22-89
53    <uses-permission android:name="com.huawei.android.launcher.permission.WRITE_SETTINGS" /> <!-- for ZUK -->
53-->[me.leolin:ShortcutBadger:1.1.22] AndroidManifest.xml:39:5-93
53-->[me.leolin:ShortcutBadger:1.1.22] AndroidManifest.xml:39:22-90
54    <uses-permission android:name="android.permission.READ_APP_BADGE" /> <!-- for OPPO -->
54-->[me.leolin:ShortcutBadger:1.1.22] AndroidManifest.xml:42:5-73
54-->[me.leolin:ShortcutBadger:1.1.22] AndroidManifest.xml:42:22-70
55    <uses-permission android:name="com.oppo.launcher.permission.READ_SETTINGS" />
55-->[me.leolin:ShortcutBadger:1.1.22] AndroidManifest.xml:45:5-82
55-->[me.leolin:ShortcutBadger:1.1.22] AndroidManifest.xml:45:22-79
56    <uses-permission android:name="com.oppo.launcher.permission.WRITE_SETTINGS" /> <!-- for EvMe -->
56-->[me.leolin:ShortcutBadger:1.1.22] AndroidManifest.xml:46:5-83
56-->[me.leolin:ShortcutBadger:1.1.22] AndroidManifest.xml:46:22-80
57    <uses-permission android:name="me.everything.badger.permission.BADGE_COUNT_READ" />
57-->[me.leolin:ShortcutBadger:1.1.22] AndroidManifest.xml:49:5-88
57-->[me.leolin:ShortcutBadger:1.1.22] AndroidManifest.xml:49:22-85
58    <uses-permission android:name="me.everything.badger.permission.BADGE_COUNT_WRITE" />
58-->[me.leolin:ShortcutBadger:1.1.22] AndroidManifest.xml:50:5-89
58-->[me.leolin:ShortcutBadger:1.1.22] AndroidManifest.xml:50:22-86
59
60    <application
60-->src\main\AndroidManifest.xml:6:5-60:19
61        android:name="com.hardeep.blogapp.MainApplication"
61-->src\main\AndroidManifest.xml:7:7-38
62        android:allowBackup="false"
62-->src\main\AndroidManifest.xml:11:7-34
63        android:appComponentFactory="androidx.core.app.CoreComponentFactory"
63-->[androidx.core:core:1.6.0] AndroidManifest.xml:24:18-86
64        android:extractNativeLibs="false"
65        android:icon="@mipmap/ic_launcher"
65-->src\main\AndroidManifest.xml:9:7-41
66        android:label="@string/app_name"
66-->src\main\AndroidManifest.xml:8:7-39
67        android:roundIcon="@mipmap/ic_launcher_round"
67-->src\main\AndroidManifest.xml:10:7-52
68        android:theme="@style/AppTheme" >
68-->src\main\AndroidManifest.xml:12:7-38
69        <meta-data
69-->src\main\AndroidManifest.xml:14:7-16:65
70            android:name="com.google.android.gms.ads.APPLICATION_ID"
70-->src\main\AndroidManifest.xml:15:9-65
71            android:value="ca-app-pub-9769021838213495~2833237853" />
71-->src\main\AndroidManifest.xml:16:9-63
72        <meta-data
72-->src\main\AndroidManifest.xml:17:9-18:54
73            android:name="com.google.firebase.messaging.default_notification_icon"
73-->src\main\AndroidManifest.xml:17:21-91
74            android:resource="@mipmap/ic_notification" />
74-->src\main\AndroidManifest.xml:18:9-51
75
76        <activity
76-->src\main\AndroidManifest.xml:19:7-31:18
77            android:name="com.hardeep.blogapp.MainActivity"
77-->src\main\AndroidManifest.xml:20:9-37
78            android:configChanges="keyboard|keyboardHidden|orientation|screenSize|uiMode"
78-->src\main\AndroidManifest.xml:22:9-86
79            android:exported="true"
79-->src\main\AndroidManifest.xml:25:9-32
80            android:label="@string/app_name"
80-->src\main\AndroidManifest.xml:21:9-41
81            android:launchMode="singleTask"
81-->src\main\AndroidManifest.xml:23:9-40
82            android:windowSoftInputMode="adjustResize" >
82-->src\main\AndroidManifest.xml:24:9-51
83
84            <!--
85        <intent-filter>
86            <action android:name="android.intent.action.MAIN" />
87            <category android:name="android.intent.category.LAUNCHER" />
88        </intent-filter>
89            -->
90        </activity>
91        <activity
91-->src\main\AndroidManifest.xml:32:7-46:18
92            android:name="com.zoontek.rnbootsplash.RNBootSplashActivity"
92-->src\main\AndroidManifest.xml:33:7-67
93            android:exported="true"
93-->src\main\AndroidManifest.xml:36:7-30
94            android:launchMode="singleTask"
94-->src\main\AndroidManifest.xml:35:7-38
95            android:theme="@style/BootTheme" >
95-->src\main\AndroidManifest.xml:34:7-39
96            <intent-filter>
96-->src\main\AndroidManifest.xml:38:7-41:23
97                <action android:name="android.intent.action.MAIN" />
97-->src\main\AndroidManifest.xml:39:9-61
97-->src\main\AndroidManifest.xml:39:17-58
98
99                <category android:name="android.intent.category.LAUNCHER" />
99-->src\main\AndroidManifest.xml:40:9-69
99-->src\main\AndroidManifest.xml:40:19-66
100            </intent-filter>
101            <intent-filter>
101-->src\main\AndroidManifest.xml:42:7-45:23
102                <action android:name="FLUTTER_NOTIFICATION_CLICK" />
102-->src\main\AndroidManifest.xml:43:9-61
102-->src\main\AndroidManifest.xml:43:17-58
103
104                <category android:name="android.intent.category.DEFAULT" />
104-->src\main\AndroidManifest.xml:44:9-68
104-->src\main\AndroidManifest.xml:44:19-65
105            </intent-filter>
106        </activity>
107        <activity
107-->src\main\AndroidManifest.xml:47:5-50:44
108            android:name="com.facebook.FacebookActivity"
108-->src\main\AndroidManifest.xml:47:15-59
109            android:configChanges="keyboard|keyboardHidden|screenLayout|screenSize|orientation"
109-->src\main\AndroidManifest.xml:48:9-110
110            android:label="@string/app_name" />
110-->src\main\AndroidManifest.xml:50:9-41
111        <activity
111-->src\main\AndroidManifest.xml:51:5-59:16
112            android:name="com.facebook.CustomTabActivity"
112-->src\main\AndroidManifest.xml:52:9-54
113            android:exported="true" >
113-->src\main\AndroidManifest.xml:53:9-32
114            <intent-filter>
114-->src\main\AndroidManifest.xml:54:9-58:25
115                <action android:name="android.intent.action.VIEW" />
115-->src\main\AndroidManifest.xml:55:13-65
115-->src\main\AndroidManifest.xml:55:21-62
116
117                <category android:name="android.intent.category.DEFAULT" />
117-->src\main\AndroidManifest.xml:44:9-68
117-->src\main\AndroidManifest.xml:44:19-65
118                <category android:name="android.intent.category.BROWSABLE" />
118-->src\main\AndroidManifest.xml:57:13-74
118-->src\main\AndroidManifest.xml:57:23-71
119            </intent-filter>
120        </activity>
121
122        <provider
122-->[:react-native-share] AndroidManifest.xml:10:9-18:20
123            android:name="cl.json.RNShareFileProvider"
123-->[:react-native-share] AndroidManifest.xml:11:13-55
124            android:authorities="com.hardeep.blogAapp.rnshare.fileprovider"
124-->[:react-native-share] AndroidManifest.xml:12:13-72
125            android:exported="false"
125-->[:react-native-share] AndroidManifest.xml:13:13-37
126            android:grantUriPermissions="true" >
126-->[:react-native-share] AndroidManifest.xml:14:13-47
127            <meta-data
127-->[:react-native-share] AndroidManifest.xml:15:13-17:64
128                android:name="android.support.FILE_PROVIDER_PATHS"
128-->[:react-native-share] AndroidManifest.xml:16:17-67
129                android:resource="@xml/share_download_paths" />
129-->[:react-native-share] AndroidManifest.xml:17:17-61
130        </provider>
131        <provider
131-->[:react-native-webview] AndroidManifest.xml:10:9-18:20
132            android:name="com.reactnativecommunity.webview.RNCWebViewFileProvider"
132-->[:react-native-webview] AndroidManifest.xml:11:13-83
133            android:authorities="com.hardeep.blogAapp.fileprovider"
133-->[:react-native-webview] AndroidManifest.xml:12:13-64
134            android:exported="false"
134-->[:react-native-webview] AndroidManifest.xml:13:13-37
135            android:grantUriPermissions="true" >
135-->[:react-native-webview] AndroidManifest.xml:14:13-47
136            <meta-data
136-->[:react-native-share] AndroidManifest.xml:15:13-17:64
137                android:name="android.support.FILE_PROVIDER_PATHS"
137-->[:react-native-share] AndroidManifest.xml:16:17-67
138                android:resource="@xml/file_provider_paths" />
138-->[:react-native-share] AndroidManifest.xml:17:17-61
139        </provider>
140
141        <receiver
141-->[com.google.firebase:firebase-messaging:21.1.0] AndroidManifest.xml:28:9-35:20
142            android:name="com.google.firebase.iid.FirebaseInstanceIdReceiver"
142-->[com.google.firebase:firebase-messaging:21.1.0] AndroidManifest.xml:29:13-78
143            android:exported="true"
143-->[com.google.firebase:firebase-messaging:21.1.0] AndroidManifest.xml:30:13-36
144            android:permission="com.google.android.c2dm.permission.SEND" >
144-->[com.google.firebase:firebase-messaging:21.1.0] AndroidManifest.xml:31:13-73
145            <intent-filter>
145-->[com.google.firebase:firebase-messaging:21.1.0] AndroidManifest.xml:32:13-34:29
146                <action android:name="com.google.android.c2dm.intent.RECEIVE" />
146-->[com.google.firebase:firebase-messaging:21.1.0] AndroidManifest.xml:33:17-81
146-->[com.google.firebase:firebase-messaging:21.1.0] AndroidManifest.xml:33:25-78
147            </intent-filter>
148        </receiver>
149        <!--
150             FirebaseMessagingService performs security checks at runtime,
151             but set to not exported to explicitly avoid allowing another app to call it.
152        -->
153        <service
153-->[com.google.firebase:firebase-messaging:21.1.0] AndroidManifest.xml:41:9-48:19
154            android:name="com.google.firebase.messaging.FirebaseMessagingService"
154-->[com.google.firebase:firebase-messaging:21.1.0] AndroidManifest.xml:42:13-82
155            android:directBootAware="true"
155-->[com.google.firebase:firebase-messaging:21.1.0] AndroidManifest.xml:43:13-43
156            android:exported="false" >
156-->[com.google.firebase:firebase-messaging:21.1.0] AndroidManifest.xml:44:13-37
157            <intent-filter android:priority="-500" >
157-->[com.google.firebase:firebase-messaging:21.1.0] AndroidManifest.xml:45:13-47:29
157-->[com.google.firebase:firebase-messaging:21.1.0] AndroidManifest.xml:45:28-51
158                <action android:name="com.google.firebase.MESSAGING_EVENT" />
158-->[com.google.firebase:firebase-messaging:21.1.0] AndroidManifest.xml:46:17-78
158-->[com.google.firebase:firebase-messaging:21.1.0] AndroidManifest.xml:46:25-75
159            </intent-filter>
160        </service>
161        <service
161-->[com.google.firebase:firebase-messaging:21.1.0] AndroidManifest.xml:49:9-55:19
162            android:name="com.google.firebase.components.ComponentDiscoveryService"
162-->[com.google.firebase:firebase-messaging:21.1.0] AndroidManifest.xml:50:13-84
163            android:directBootAware="true"
163-->[com.google.firebase:firebase-common:19.5.0] AndroidManifest.xml:35:13-43
164            android:exported="false" >
164-->[com.google.firebase:firebase-messaging:21.1.0] AndroidManifest.xml:51:13-37
165            <meta-data
165-->[com.google.firebase:firebase-messaging:21.1.0] AndroidManifest.xml:52:13-54:85
166                android:name="com.google.firebase.components:com.google.firebase.messaging.FirebaseMessagingRegistrar"
166-->[com.google.firebase:firebase-messaging:21.1.0] AndroidManifest.xml:53:17-119
167                android:value="com.google.firebase.components.ComponentRegistrar" />
167-->[com.google.firebase:firebase-messaging:21.1.0] AndroidManifest.xml:54:17-82
168            <meta-data
168-->[com.google.firebase:firebase-datatransport:17.0.10] AndroidManifest.xml:28:13-30:85
169                android:name="com.google.firebase.components:com.google.firebase.datatransport.TransportRegistrar"
169-->[com.google.firebase:firebase-datatransport:17.0.10] AndroidManifest.xml:29:17-115
170                android:value="com.google.firebase.components.ComponentRegistrar" />
170-->[com.google.firebase:firebase-datatransport:17.0.10] AndroidManifest.xml:30:17-82
171            <meta-data
171-->[com.google.firebase:firebase-iid:21.1.0] AndroidManifest.xml:32:13-34:85
172                android:name="com.google.firebase.components:com.google.firebase.iid.Registrar"
172-->[com.google.firebase:firebase-iid:21.1.0] AndroidManifest.xml:33:17-96
173                android:value="com.google.firebase.components.ComponentRegistrar" />
173-->[com.google.firebase:firebase-iid:21.1.0] AndroidManifest.xml:34:17-82
174            <meta-data
174-->[com.google.firebase:firebase-installations:16.3.5] AndroidManifest.xml:18:13-20:85
175                android:name="com.google.firebase.components:com.google.firebase.installations.FirebaseInstallationsRegistrar"
175-->[com.google.firebase:firebase-installations:16.3.5] AndroidManifest.xml:19:17-127
176                android:value="com.google.firebase.components.ComponentRegistrar" />
176-->[com.google.firebase:firebase-installations:16.3.5] AndroidManifest.xml:20:17-82
177            <!--
178                This registrar is not defined in the dynamic-module-support sdk itself to allow non-firebase
179                clients to use it as well, by defining this registrar in their own core/common library.
180            -->
181            <meta-data
181-->[com.google.firebase:firebase-common:19.5.0] AndroidManifest.xml:43:13-45:85
182                android:name="com.google.firebase.components:com.google.firebase.dynamicloading.DynamicLoadingRegistrar"
182-->[com.google.firebase:firebase-common:19.5.0] AndroidManifest.xml:44:17-121
183                android:value="com.google.firebase.components.ComponentRegistrar" />
183-->[com.google.firebase:firebase-common:19.5.0] AndroidManifest.xml:45:17-82
184        </service>
185        <service
185-->[com.google.android.datatransport:transport-backend-cct:2.3.3] AndroidManifest.xml:29:9-35:19
186            android:name="com.google.android.datatransport.runtime.backends.TransportBackendDiscovery"
186-->[com.google.android.datatransport:transport-backend-cct:2.3.3] AndroidManifest.xml:30:13-103
187            android:exported="false" >
187-->[com.google.android.datatransport:transport-backend-cct:2.3.3] AndroidManifest.xml:31:13-37
188            <meta-data
188-->[com.google.android.datatransport:transport-backend-cct:2.3.3] AndroidManifest.xml:32:13-34:39
189                android:name="backend:com.google.android.datatransport.cct.CctBackendFactory"
189-->[com.google.android.datatransport:transport-backend-cct:2.3.3] AndroidManifest.xml:33:17-94
190                android:value="cct" />
190-->[com.google.android.datatransport:transport-backend-cct:2.3.3] AndroidManifest.xml:34:17-36
191        </service>
192        <service
192-->[com.google.android.datatransport:transport-runtime:2.2.5] AndroidManifest.xml:26:9-30:19
193            android:name="com.google.android.datatransport.runtime.scheduling.jobscheduling.JobInfoSchedulerService"
193-->[com.google.android.datatransport:transport-runtime:2.2.5] AndroidManifest.xml:27:13-117
194            android:exported="false"
194-->[com.google.android.datatransport:transport-runtime:2.2.5] AndroidManifest.xml:28:13-37
195            android:permission="android.permission.BIND_JOB_SERVICE" >
195-->[com.google.android.datatransport:transport-runtime:2.2.5] AndroidManifest.xml:29:13-69
196        </service>
197
198        <receiver
198-->[com.google.android.datatransport:transport-runtime:2.2.5] AndroidManifest.xml:32:9-34:40
199            android:name="com.google.android.datatransport.runtime.scheduling.jobscheduling.AlarmManagerSchedulerBroadcastReceiver"
199-->[com.google.android.datatransport:transport-runtime:2.2.5] AndroidManifest.xml:33:13-132
200            android:exported="false" />
200-->[com.google.android.datatransport:transport-runtime:2.2.5] AndroidManifest.xml:34:13-37
201
202        <meta-data
202-->[com.github.bumptech.glide:okhttp3-integration:4.12.0] AndroidManifest.xml:11:9-13:43
203            android:name="com.bumptech.glide.integration.okhttp3.OkHttpGlideModule"
203-->[com.github.bumptech.glide:okhttp3-integration:4.12.0] AndroidManifest.xml:12:13-84
204            android:value="GlideModule" />
204-->[com.github.bumptech.glide:okhttp3-integration:4.12.0] AndroidManifest.xml:13:13-40
205
206        <provider
206-->[androidx.lifecycle:lifecycle-process:2.4.0] AndroidManifest.xml:26:9-34:20
207            android:name="androidx.startup.InitializationProvider"
207-->[androidx.lifecycle:lifecycle-process:2.4.0] AndroidManifest.xml:27:13-67
208            android:authorities="com.hardeep.blogAapp.androidx-startup"
208-->[androidx.lifecycle:lifecycle-process:2.4.0] AndroidManifest.xml:28:13-68
209            android:exported="false" >
209-->[androidx.lifecycle:lifecycle-process:2.4.0] AndroidManifest.xml:29:13-37
210            <meta-data
210-->[androidx.lifecycle:lifecycle-process:2.4.0] AndroidManifest.xml:31:13-33:52
211                android:name="androidx.lifecycle.ProcessLifecycleInitializer"
211-->[androidx.lifecycle:lifecycle-process:2.4.0] AndroidManifest.xml:32:17-78
212                android:value="androidx.startup" />
212-->[androidx.lifecycle:lifecycle-process:2.4.0] AndroidManifest.xml:33:17-49
213            <meta-data
213-->[androidx.work:work-runtime:2.7.0] AndroidManifest.xml:36:13-38:52
214                android:name="androidx.work.WorkManagerInitializer"
214-->[androidx.work:work-runtime:2.7.0] AndroidManifest.xml:37:17-68
215                android:value="androidx.startup" />
215-->[androidx.work:work-runtime:2.7.0] AndroidManifest.xml:38:17-49
216        </provider> <!-- Include the AdActivity and InAppPurchaseActivity configChanges and themes. -->
217        <activity
217-->[com.google.android.gms:play-services-ads-lite:21.0.0] AndroidManifest.xml:49:9-53:64
218            android:name="com.google.android.gms.ads.AdActivity"
218-->[com.google.android.gms:play-services-ads-lite:21.0.0] AndroidManifest.xml:50:13-65
219            android:configChanges="keyboard|keyboardHidden|orientation|screenLayout|uiMode|screenSize|smallestScreenSize"
219-->[com.google.android.gms:play-services-ads-lite:21.0.0] AndroidManifest.xml:51:13-122
220            android:exported="false"
220-->[com.google.android.gms:play-services-ads-lite:21.0.0] AndroidManifest.xml:52:13-37
221            android:theme="@android:style/Theme.Translucent" />
221-->[com.google.android.gms:play-services-ads-lite:21.0.0] AndroidManifest.xml:53:13-61
222
223        <provider
223-->[com.google.android.gms:play-services-ads-lite:21.0.0] AndroidManifest.xml:55:9-59:39
224            android:name="com.google.android.gms.ads.MobileAdsInitProvider"
224-->[com.google.android.gms:play-services-ads-lite:21.0.0] AndroidManifest.xml:56:13-76
225            android:authorities="com.hardeep.blogAapp.mobileadsinitprovider"
225-->[com.google.android.gms:play-services-ads-lite:21.0.0] AndroidManifest.xml:57:13-73
226            android:exported="false"
226-->[com.google.android.gms:play-services-ads-lite:21.0.0] AndroidManifest.xml:58:13-37
227            android:initOrder="100" />
227-->[com.google.android.gms:play-services-ads-lite:21.0.0] AndroidManifest.xml:59:13-36
228
229        <service
229-->[com.google.android.gms:play-services-ads-lite:21.0.0] AndroidManifest.xml:61:9-64:40
230            android:name="com.google.android.gms.ads.AdService"
230-->[com.google.android.gms:play-services-ads-lite:21.0.0] AndroidManifest.xml:62:13-64
231            android:enabled="true"
231-->[com.google.android.gms:play-services-ads-lite:21.0.0] AndroidManifest.xml:63:13-35
232            android:exported="false" />
232-->[com.google.android.gms:play-services-ads-lite:21.0.0] AndroidManifest.xml:64:13-37
233
234        <provider
234-->[com.google.firebase:firebase-common:19.5.0] AndroidManifest.xml:26:9-31:39
235            android:name="com.google.firebase.provider.FirebaseInitProvider"
235-->[com.google.firebase:firebase-common:19.5.0] AndroidManifest.xml:27:13-77
236            android:authorities="com.hardeep.blogAapp.firebaseinitprovider"
236-->[com.google.firebase:firebase-common:19.5.0] AndroidManifest.xml:28:13-72
237            android:directBootAware="true"
237-->[com.google.firebase:firebase-common:19.5.0] AndroidManifest.xml:29:13-43
238            android:exported="false"
238-->[com.google.firebase:firebase-common:19.5.0] AndroidManifest.xml:30:13-37
239            android:initOrder="100" />
239-->[com.google.firebase:firebase-common:19.5.0] AndroidManifest.xml:31:13-36
240
241        <activity
241-->[com.google.android.gms:play-services-base:18.0.0] AndroidManifest.xml:20:9-22:45
242            android:name="com.google.android.gms.common.api.GoogleApiActivity"
242-->[com.google.android.gms:play-services-base:18.0.0] AndroidManifest.xml:20:19-85
243            android:exported="false"
243-->[com.google.android.gms:play-services-base:18.0.0] AndroidManifest.xml:22:19-43
244            android:theme="@android:style/Theme.Translucent.NoTitleBar" />
244-->[com.google.android.gms:play-services-base:18.0.0] AndroidManifest.xml:21:19-78
245        <activity
245-->[com.facebook.android:audience-network-sdk:6.11.0] AndroidManifest.xml:19:9-23:75
246            android:name="com.facebook.ads.AudienceNetworkActivity"
246-->[com.facebook.android:audience-network-sdk:6.11.0] AndroidManifest.xml:20:13-68
247            android:configChanges="keyboardHidden|orientation|screenSize"
247-->[com.facebook.android:audience-network-sdk:6.11.0] AndroidManifest.xml:21:13-74
248            android:exported="false"
248-->[com.facebook.android:audience-network-sdk:6.11.0] AndroidManifest.xml:22:13-37
249            android:theme="@android:style/Theme.Translucent.NoTitleBar" />
249-->[com.facebook.android:audience-network-sdk:6.11.0] AndroidManifest.xml:23:13-72
250
251        <provider
251-->[com.facebook.android:audience-network-sdk:6.11.0] AndroidManifest.xml:25:9-28:40
252            android:name="com.facebook.ads.AudienceNetworkContentProvider"
252-->[com.facebook.android:audience-network-sdk:6.11.0] AndroidManifest.xml:26:13-75
253            android:authorities="com.hardeep.blogAapp.AudienceNetworkContentProvider"
253-->[com.facebook.android:audience-network-sdk:6.11.0] AndroidManifest.xml:27:13-82
254            android:exported="false" />
254-->[com.facebook.android:audience-network-sdk:6.11.0] AndroidManifest.xml:28:13-37
255
256        <meta-data
256-->[com.google.android.gms:play-services-basement:18.0.0] AndroidManifest.xml:21:9-23:69
257            android:name="com.google.android.gms.version"
257-->[com.google.android.gms:play-services-basement:18.0.0] AndroidManifest.xml:22:13-58
258            android:value="@integer/google_play_services_version" />
258-->[com.google.android.gms:play-services-basement:18.0.0] AndroidManifest.xml:23:13-66
259
260        <service
260-->[androidx.work:work-runtime:2.7.0] AndroidManifest.xml:41:9-46:35
261            android:name="androidx.work.impl.background.systemalarm.SystemAlarmService"
261-->[androidx.work:work-runtime:2.7.0] AndroidManifest.xml:42:13-88
262            android:directBootAware="false"
262-->[androidx.work:work-runtime:2.7.0] AndroidManifest.xml:43:13-44
263            android:enabled="@bool/enable_system_alarm_service_default"
263-->[androidx.work:work-runtime:2.7.0] AndroidManifest.xml:44:13-72
264            android:exported="false" />
264-->[androidx.work:work-runtime:2.7.0] AndroidManifest.xml:45:13-37
265        <service
265-->[androidx.work:work-runtime:2.7.0] AndroidManifest.xml:47:9-53:35